2022-09-23 11:44:29.652  INFO 26512 --- [restartedMain] c.shopme.admin.ShopmeBackEndApplication  : Starting ShopmeBackEndApplication using Java 17.0.4 on NOIAA with PID 26512 (E:\projects\ecommerce\ShopmeProject\ShopmeWebParent\ShopmeBackEnd\target\classes started by NOIAA LTD in E:\projects\ecommerce\ShopmeProject\ShopmeWebParent\ShopmeBackEnd)
2022-09-23 11:44:29.655 DEBUG 26512 --- [restartedMain] c.shopme.admin.ShopmeBackEndApplication  : Running with Spring Boot v2.4.1, Spring v5.3.2
2022-09-23 11:44:29.656  INFO 26512 --- [restartedMain] c.shopme.admin.ShopmeBackEndApplication  : No active profile set, falling back to default profiles: default
2022-09-23 11:44:37.156  WARN 26512 --- [restartedMain] JpaBaseConfiguration$JpaWebConfiguration : spring.jpa.open-in-view is enabled by default. Therefore, database queries may be performed during view rendering. Explicitly configure spring.jpa.open-in-view to disable this warning
2022-09-23 11:44:39.766  INFO 26512 --- [restartedMain] c.shopme.admin.ShopmeBackEndApplication  : Started ShopmeBackEndApplication in 12.334 seconds (JVM running for 13.906)
2022-09-23 11:45:02.468  INFO 26512 --- [restartedMain] c.shopme.admin.ShopmeBackEndApplication  : Starting ShopmeBackEndApplication using Java 17.0.4 on NOIAA with PID 26512 (E:\projects\ecommerce\ShopmeProject\ShopmeWebParent\ShopmeBackEnd\target\classes started by NOIAA LTD in E:\projects\ecommerce\ShopmeProject\ShopmeWebParent\ShopmeBackEnd)
2022-09-23 11:45:02.469  INFO 26512 --- [restartedMain] c.shopme.admin.ShopmeBackEndApplication  : No active profile set, falling back to default profiles: default
2022-09-23 11:45:02.974  INFO 26512 --- [restartedMain] .s.d.r.c.RepositoryConfigurationDelegate : Bootstrapping Spring Data JPA repositories in DEFAULT mode.
2022-09-23 11:45:03.006  INFO 26512 --- [restartedMain] .s.d.r.c.RepositoryConfigurationDelegate : Finished Spring Data repository scanning in 29 ms. Found 2 JPA repository interfaces.
2022-09-23 11:45:03.337  INFO 26512 --- [restartedMain] o.s.b.w.embedded.tomcat.TomcatWebServer  : Tomcat initialized with port(s): 8080 (http)
2022-09-23 11:45:03.345  INFO 26512 --- [restartedMain] o.apache.catalina.core.StandardService   : Starting service [Tomcat]
2022-09-23 11:45:03.346  INFO 26512 --- [restartedMain] org.apache.catalina.core.StandardEngine  : Starting Servlet engine: [Apache Tomcat/9.0.41]
2022-09-23 11:45:03.469  INFO 26512 --- [restartedMain] o.a.c.c.C.[.[localhost].[/ShopmeAdmin]   : Initializing Spring embedded WebApplicationContext
2022-09-23 11:45:03.471  INFO 26512 --- [restartedMain] w.s.c.ServletWebServerApplicationContext : Root WebApplicationContext: initialization completed in 993 ms
2022-09-23 11:45:03.662  INFO 26512 --- [restartedMain] o.hibernate.jpa.internal.util.LogHelper  : HHH000204: Processing PersistenceUnitInfo [name: default]
2022-09-23 11:45:03.685  INFO 26512 --- [restartedMain] com.zaxxer.hikari.HikariDataSource       : HikariPool-2 - Starting...
2022-09-23 11:45:03.717  INFO 26512 --- [restartedMain] com.zaxxer.hikari.HikariDataSource       : HikariPool-2 - Start completed.
2022-09-23 11:45:03.718  INFO 26512 --- [restartedMain] org.hibernate.dialect.Dialect            : HHH000400: Using dialect: org.hibernate.dialect.MySQL8Dialect
2022-09-23 11:45:03.803  INFO 26512 --- [restartedMain] o.h.e.t.j.p.i.JtaPlatformInitiator       : HHH000490: Using JtaPlatform implementation: [org.hibernate.engine.transaction.jta.platform.internal.NoJtaPlatform]
2022-09-23 11:45:03.803  INFO 26512 --- [restartedMain] j.LocalContainerEntityManagerFactoryBean : Initialized JPA EntityManagerFactory for persistence unit 'default'
2022-09-23 11:45:03.820  INFO 26512 --- [restartedMain] o.s.b.d.a.OptionalLiveReloadServer       : LiveReload server is running on port 35729
2022-09-23 11:45:03.849  WARN 26512 --- [restartedMain] JpaBaseConfiguration$JpaWebConfiguration : spring.jpa.open-in-view is enabled by default. Therefore, database queries may be performed during view rendering. Explicitly configure spring.jpa.open-in-view to disable this warning
2022-09-23 11:45:04.196  INFO 26512 --- [restartedMain] o.s.s.web.DefaultSecurityFilterChain     : Will secure Ant [pattern='/images/**'] with []
2022-09-23 11:45:04.197  INFO 26512 --- [restartedMain] o.s.s.web.DefaultSecurityFilterChain     : Will secure Ant [pattern='/js/**'] with []
2022-09-23 11:45:04.197  INFO 26512 --- [restartedMain] o.s.s.web.DefaultSecurityFilterChain     : Will secure Ant [pattern='/webjars/**'] with []
2022-09-23 11:45:04.235  INFO 26512 --- [restartedMain] o.s.s.web.DefaultSecurityFilterChain     : Will secure any request with [org.springframework.security.web.context.request.async.WebAsyncManagerIntegrationFilter@7bce09e8, org.springframework.security.web.context.SecurityContextPersistenceFilter@7ab8f45e, org.springframework.security.web.header.HeaderWriterFilter@697ee9cc, org.springframework.security.web.csrf.CsrfFilter@427db760, org.springframework.security.web.authentication.logout.LogoutFilter@208d715b, org.springframework.security.web.authentication.UsernamePasswordAuthenticationFilter@743a30c, org.springframework.security.web.savedrequest.RequestCacheAwareFilter@5a757980, org.springframework.security.web.servletapi.SecurityContextHolderAwareRequestFilter@44dbcb8b, org.springframework.security.web.authentication.rememberme.RememberMeAuthenticationFilter@5565ff2c, org.springframework.security.web.authentication.AnonymousAuthenticationFilter@5469c3ff, org.springframework.security.web.session.SessionManagementFilter@55518f23, org.springframework.security.web.access.ExceptionTranslationFilter@32125fe6, org.springframework.security.web.access.intercept.FilterSecurityInterceptor@21a1c533]
2022-09-23 11:45:04.331  INFO 26512 --- [restartedMain] o.s.s.concurrent.ThreadPoolTaskExecutor  : Initializing ExecutorService 'applicationTaskExecutor'
2022-09-23 11:45:04.382  INFO 26512 --- [restartedMain] o.s.b.a.w.s.WelcomePageHandlerMapping    : Adding welcome page template: index
2022-09-23 11:45:04.887  INFO 26512 --- [restartedMain] o.s.b.w.embedded.tomcat.TomcatWebServer  : Tomcat started on port(s): 8080 (http) with context path '/ShopmeAdmin'
2022-09-23 11:45:04.896  INFO 26512 --- [restartedMain] c.shopme.admin.ShopmeBackEndApplication  : Started ShopmeBackEndApplication in 2.49 seconds (JVM running for 39.035)
2022-09-23 11:45:04.912  INFO 26512 --- [restartedMain] .ConditionEvaluationDeltaLoggingListener : Condition evaluation unchanged
2022-09-23 11:53:49.901  INFO 26512 --- [Thread-8] o.s.s.concurrent.ThreadPoolTaskExecutor  : Shutting down ExecutorService 'applicationTaskExecutor'
2022-09-23 11:53:49.903  INFO 26512 --- [Thread-8] j.LocalContainerEntityManagerFactoryBean : Closing JPA EntityManagerFactory for persistence unit 'default'
2022-09-23 11:53:49.904  INFO 26512 --- [Thread-8] com.zaxxer.hikari.HikariDataSource       : HikariPool-2 - Shutdown initiated...
2022-09-23 11:53:49.929  INFO 26512 --- [Thread-8] com.zaxxer.hikari.HikariDataSource       : HikariPool-2 - Shutdown completed.
2022-09-23 11:53:50.264  INFO 26512 --- [restartedMain] c.shopme.admin.ShopmeBackEndApplication  : Starting ShopmeBackEndApplication using Java 17.0.4 on NOIAA with PID 26512 (E:\projects\ecommerce\ShopmeProject\ShopmeWebParent\ShopmeBackEnd\target\classes started by NOIAA LTD in E:\projects\ecommerce\ShopmeProject\ShopmeWebParent\ShopmeBackEnd)
2022-09-23 11:53:50.267  INFO 26512 --- [restartedMain] c.shopme.admin.ShopmeBackEndApplication  : No active profile set, falling back to default profiles: default
2022-09-23 11:53:50.871  INFO 26512 --- [restartedMain] .s.d.r.c.RepositoryConfigurationDelegate : Bootstrapping Spring Data JPA repositories in DEFAULT mode.
2022-09-23 11:53:50.939  INFO 26512 --- [restartedMain] .s.d.r.c.RepositoryConfigurationDelegate : Finished Spring Data repository scanning in 63 ms. Found 2 JPA repository interfaces.
2022-09-23 11:53:52.147  INFO 26512 --- [restartedMain] o.s.b.w.embedded.tomcat.TomcatWebServer  : Tomcat initialized with port(s): 8080 (http)
2022-09-23 11:53:52.173  INFO 26512 --- [restartedMain] o.apache.catalina.core.StandardService   : Starting service [Tomcat]
2022-09-23 11:53:52.173  INFO 26512 --- [restartedMain] org.apache.catalina.core.StandardEngine  : Starting Servlet engine: [Apache Tomcat/9.0.41]
2022-09-23 11:53:52.507  INFO 26512 --- [restartedMain] o.a.c.c.C.[.[localhost].[/ShopmeAdmin]   : Initializing Spring embedded WebApplicationContext
2022-09-23 11:53:52.512  INFO 26512 --- [restartedMain] w.s.c.ServletWebServerApplicationContext : Root WebApplicationContext: initialization completed in 2220 ms
2022-09-23 11:53:53.066  INFO 26512 --- [restartedMain] o.hibernate.jpa.internal.util.LogHelper  : HHH000204: Processing PersistenceUnitInfo [name: default]
2022-09-23 11:53:53.097  INFO 26512 --- [restartedMain] com.zaxxer.hikari.HikariDataSource       : HikariPool-3 - Starting...
2022-09-23 11:53:53.121  INFO 26512 --- [restartedMain] com.zaxxer.hikari.HikariDataSource       : HikariPool-3 - Start completed.
2022-09-23 11:53:53.121  INFO 26512 --- [restartedMain] org.hibernate.dialect.Dialect            : HHH000400: Using dialect: org.hibernate.dialect.MySQL8Dialect
2022-09-23 11:53:53.212  INFO 26512 --- [restartedMain] o.h.e.t.j.p.i.JtaPlatformInitiator       : HHH000490: Using JtaPlatform implementation: [org.hibernate.engine.transaction.jta.platform.internal.NoJtaPlatform]
2022-09-23 11:53:53.212  INFO 26512 --- [restartedMain] j.LocalContainerEntityManagerFactoryBean : Initialized JPA EntityManagerFactory for persistence unit 'default'
2022-09-23 11:53:53.230  INFO 26512 --- [restartedMain] o.s.b.d.a.OptionalLiveReloadServer       : LiveReload server is running on port 35729
2022-09-23 11:53:53.258  WARN 26512 --- [restartedMain] JpaBaseConfiguration$JpaWebConfiguration : spring.jpa.open-in-view is enabled by default. Therefore, database queries may be performed during view rendering. Explicitly configure spring.jpa.open-in-view to disable this warning
2022-09-23 11:53:53.671  INFO 26512 --- [restartedMain] o.s.s.web.DefaultSecurityFilterChain     : Will secure Ant [pattern='/images/**'] with []
2022-09-23 11:53:53.672  INFO 26512 --- [restartedMain] o.s.s.web.DefaultSecurityFilterChain     : Will secure Ant [pattern='/js/**'] with []
2022-09-23 11:53:53.672  INFO 26512 --- [restartedMain] o.s.s.web.DefaultSecurityFilterChain     : Will secure Ant [pattern='/webjars/**'] with []
2022-09-23 11:53:53.718  INFO 26512 --- [restartedMain] o.s.s.web.DefaultSecurityFilterChain     : Will secure any request with [org.springframework.security.web.context.request.async.WebAsyncManagerIntegrationFilter@1f61176a, org.springframework.security.web.context.SecurityContextPersistenceFilter@17f83608, org.springframework.security.web.header.HeaderWriterFilter@19adc5c4, org.springframework.security.web.csrf.CsrfFilter@41fac79e, org.springframework.security.web.authentication.logout.LogoutFilter@797c3701, org.springframework.security.web.authentication.UsernamePasswordAuthenticationFilter@5f4c449d, org.springframework.security.web.savedrequest.RequestCacheAwareFilter@1832c85f, org.springframework.security.web.servletapi.SecurityContextHolderAwareRequestFilter@6fc6bd78, org.springframework.security.web.authentication.rememberme.RememberMeAuthenticationFilter@74d71860, org.springframework.security.web.authentication.AnonymousAuthenticationFilter@65a08f49, org.springframework.security.web.session.SessionManagementFilter@29c7a4, org.springframework.security.web.access.ExceptionTranslationFilter@66cd3111, org.springframework.security.web.access.intercept.FilterSecurityInterceptor@1cfcc8ff]
2022-09-23 11:53:53.851  INFO 26512 --- [restartedMain] o.s.s.concurrent.ThreadPoolTaskExecutor  : Initializing ExecutorService 'applicationTaskExecutor'
2022-09-23 11:53:53.920  INFO 26512 --- [restartedMain] o.s.b.a.w.s.WelcomePageHandlerMapping    : Adding welcome page template: index
2022-09-23 11:53:54.511  INFO 26512 --- [restartedMain] o.s.b.w.embedded.tomcat.TomcatWebServer  : Tomcat started on port(s): 8080 (http) with context path '/ShopmeAdmin'
2022-09-23 11:53:54.545  INFO 26512 --- [restartedMain] c.shopme.admin.ShopmeBackEndApplication  : Started ShopmeBackEndApplication in 4.504 seconds (JVM running for 568.685)
2022-09-23 11:53:54.555  INFO 26512 --- [restartedMain] .ConditionEvaluationDeltaLoggingListener : Condition evaluation unchanged
